https://www.pagina12.com.ar/
   Connected --1588402903.777348
https://www.pagina12.com.ar/secciones/el-pais
   Connected --1588402904.419831
https://www.pagina12.com.ar/secciones/el-pais
   Connected --1588402904.726789
https://www.pagina12.com.ar/secciones/el-pais
   Connected --1588402905.030112
https://www.pagina12.com.ar/secciones/universidad-diario
   Connected --1588402905.52706
https://www.pagina12.com.ar/secciones/universidad-diario
   Connected --1588402906.018104
https://www.pagina12.com.ar/secciones/la-ventana
   Connected --1588402906.524228
https://www.pagina12.com.ar/secciones/la-ventana
   Connected --1588402907.041712
https://www.pagina12.com.ar/secciones/economia
   Connected --1588402907.527386
https://www.pagina12.com.ar/secciones/economia
   Connected --1588402908.047584
https://www.pagina12.com.ar/secciones/sociedad
   Connected --1588402908.341278
https://www.pagina12.com.ar/secciones/sociedad
   Connected --1588402908.689976
https://www.pagina12.com.ar/suplementos/cultura-y-espectaculos
   Connected --1588402909.340814
https://www.pagina12.com.ar/suplementos/cultura-y-espectaculos
   Connected --1588402910.164132
https://www.pagina12.com.ar/secciones/ciencia
   Connected --1588402910.465837
https://www.pagina12.com.ar/secciones/ciencia
   Connected --1588402910.764057
https://www.pagina12.com.ar/secciones/dialogos
   Connected --1588402911.072583
https://www.pagina12.com.ar/secciones/dialogos
   Connected --1588402911.35386
https://www.pagina12.com.ar/secciones/el-mundo
   Connected --1588402911.650042
https://www.pagina12.com.ar/secciones/el-mundo
   Connected --1588402911.954337
https://www.pagina12.com.ar/edicion-impresa
   Connected --1588402912.587493
https://www.pagina12.com.ar/edicion-impresa
   Connected --1588402913.122619
https://www.pagina12.com.ar/secciones/deportes
   Connected --1588402913.478699
https://www.pagina12.com.ar/secciones/deportes
   Connected --1588402913.826115
https://www.pagina12.com.ar/secciones/ajedrez
   Connected --1588402914.180185
https://www.pagina12.com.ar/secciones/ajedrez
   Connected --1588402914.47524
https://www.pagina12.com.ar/secciones/cultura
   Connected --1588402914.776517
https://www.pagina12.com.ar/secciones/cultura
   Connected --1588402915.098949
https://www.pagina12.com.ar/secciones/plastica
   Connected --1588402915.614088
https://www.pagina12.com.ar/secciones/plastica
   Connected --1588402915.898328
https://www.pagina12.com.ar/secciones/psicologia
   Connected --1588402916.213926
https://www.pagina12.com.ar/secciones/psicologia
   Connected --1588402916.505682
https://www.pagina12.com.ar/secciones/hoy
   Connected --1588402916.837076
https://www.pagina12.com.ar/secciones/hoy
   Connected --1588402917.113916
https://www.pagina12.com.ar/secciones/cartas-de-lectores
   Connected --1588402917.842947
https://www.pagina12.com.ar/secciones/cartas-de-lectores
   Connected --1588402918.316651
https://www.pagina12.com.ar/secciones/contratapa
   Connected --1588402918.636795
https://www.pagina12.com.ar/secciones/contratapa
   Connected --1588402918.922411
https://www.pagina12.com.ar/secciones/audiovisuales
   Connected --1588402919.227523
https://www.pagina12.com.ar/secciones/audiovisuales
   Connected --1588402919.547873
https://www.pagina12.com.ar/secciones/recordatorios
   Connected --1588402919.890959
https://www.pagina12.com.ar/secciones/recordatorios
   Connected --1588402920.203124
https://www.pagina12.com.ar/secciones/consumo
   Connected --1588402920.496371
https://www.pagina12.com.ar/secciones/consumo
   Connected --1588402920.831463
https://www.pagina12.com.ar/secciones/salta12
   Connected --1588402921.130345
https://www.pagina12.com.ar/secciones/salta12
   Connected --1588402921.415069
https://www.pagina12.com.ar/secciones/podcasts
   Connected --1588402921.743161
https://www.pagina12.com.ar/secciones/podcasts
   Connected --1588402922.030396
https://www.pagina12.com.ar/secciones/soci@s
   Connected --1588402922.350119
https://www.pagina12.com.ar/secciones/soci@s
   Connected --1588402922.647295
https://www.pagina12.com.ar/263251-la-que-le-espera-a-africa
   Connected --1588402922.979095
https://www.pagina12.com.ar/263287-coronavirus-un-espaldarazo-hacia-la-impunidad-de-un-genocida
   Connected --1588402923.32284
https://www.pagina12.com.ar/263290-gobernadores-destacaron-el-rol-del-estado-ante-la-crisis
   Connected --1588402923.802774
https://www.pagina12.com.ar/263291-lo-hacen-para-desestabilizar-al-gobierno
   Connected --1588402924.858937
https://www.pagina12.com.ar/263091-andres-larroque-reemplazara-a-maria-fernanda-raverta-en-el-g
   Connected --1588402925.28675
https://www.pagina12.com.ar/263307-juntos-por-el-cambio-traba-la-reactivacion-del-senado
   Connected --1588402925.71692
https://www.pagina12.com.ar/263096-los-motivos-del-presidente-para-designar-a-fernanda-raverta-
   Connected --1588402926.062478
https://www.pagina12.com.ar/263313-como-evaluo-el-gobierno-el-cacerolazo-del-jueves
   Connected --1588402926.410546
https://www.pagina12.com.ar/263315-coronavirus-maestros-con-multiples-tareas-y-sin-herramientas
   Connected --1588402926.843159
https://www.pagina12.com.ar/263316-coronavirus-y-carceles-entre-el-peligro-real-de-contagio-y-l
   Connected --1588402927.271979
https://www.pagina12.com.ar/263319-coronavirus-en-villas-y-carceles-bombas-biologicas
   Connected --1588402927.694246
https://www.pagina12.com.ar/263159-dia-del-trabajador-en-cuarentena-actos-virtuales-y-ollas-pop
   Connected --1588402928.209509
https://www.pagina12.com.ar/263320-una-designacion-en-el-ministerio-de-desarrollo
   Connected --1588402928.586482
https://www.pagina12.com.ar/263182-los-trabajadores-legislativos-recibiran-un-plus-salarial-por
   Connected --1588402928.929564
https://www.pagina12.com.ar/263207-en-la-isla-biopolitica
   Connected --1588402929.265582
https://www.pagina12.com.ar/
   Connected --1588403012.49823
https://www.pagina12.com.ar/secciones/el-pais
   Connected --1588403013.113586
https://www.pagina12.com.ar/secciones/el-pais
   Connected --1588403013.601192
https://www.pagina12.com.ar/secciones/el-pais
   Connected --1588403014.151364
https://www.pagina12.com.ar/secciones/universidad-diario
   Connected --1588403014.8692
https://www.pagina12.com.ar/secciones/universidad-diario
   Connected --1588403015.387868
https://www.pagina12.com.ar/secciones/la-ventana
   Connected --1588403015.878382
https://www.pagina12.com.ar/secciones/la-ventana
   Connected --1588403016.371443
https://www.pagina12.com.ar/secciones/economia
   Connected --1588403016.898167
https://www.pagina12.com.ar/secciones/economia
   Connected --1588403017.192432
https://www.pagina12.com.ar/secciones/sociedad
   Connected --1588403017.718978
https://www.pagina12.com.ar/secciones/sociedad
   Connected --1588403018.011767
https://www.pagina12.com.ar/suplementos/cultura-y-espectaculos
   Connected --1588403018.485233
https://www.pagina12.com.ar/suplementos/cultura-y-espectaculos
   Connected --1588403018.908356
https://www.pagina12.com.ar/secciones/ciencia
   Connected --1588403019.45023
https://www.pagina12.com.ar/secciones/ciencia
   Connected --1588403019.92919
https://www.pagina12.com.ar/secciones/dialogos
   Connected --1588403020.641398
https://www.pagina12.com.ar/secciones/dialogos
   Connected --1588403020.950147
https://www.pagina12.com.ar/secciones/el-mundo
   Connected --1588403021.328176
https://www.pagina12.com.ar/secciones/el-mundo
   Connected --1588403021.871205
https://www.pagina12.com.ar/edicion-impresa
   Connected --1588403022.305552
https://www.pagina12.com.ar/edicion-impresa
   Connected --1588403023.153146
https://www.pagina12.com.ar/secciones/deportes
   Connected --1588403023.547229
https://www.pagina12.com.ar/secciones/deportes
   Connected --1588403024.152611
https://www.pagina12.com.ar/secciones/ajedrez
   Connected --1588403024.646476
https://www.pagina12.com.ar/secciones/ajedrez
   Connected --1588403024.938753
https://www.pagina12.com.ar/secciones/cultura
   Connected --1588403025.225764
https://www.pagina12.com.ar/secciones/cultura
   Connected --1588403025.514063
https://www.pagina12.com.ar/secciones/plastica
   Connected --1588403025.834324
https://www.pagina12.com.ar/secciones/plastica
   Connected --1588403026.33482
https://www.pagina12.com.ar/secciones/psicologia
   Connected --1588403026.743726
https://www.pagina12.com.ar/secciones/psicologia
   Connected --1588403027.242553
https://www.pagina12.com.ar/secciones/hoy
   Connected --1588403027.566394
https://www.pagina12.com.ar/secciones/hoy
   Connected --1588403027.848482
https://www.pagina12.com.ar/secciones/cartas-de-lectores
   Connected --1588403028.134669
https://www.pagina12.com.ar/secciones/cartas-de-lectores
   Connected --1588403028.422943
https://www.pagina12.com.ar/secciones/contratapa
   Connected --1588403028.701792
https://www.pagina12.com.ar/secciones/contratapa
   Connected --1588403029.006565
https://www.pagina12.com.ar/secciones/audiovisuales
   Connected --1588403029.492846
https://www.pagina12.com.ar/secciones/audiovisuales
   Connected --1588403029.78503
https://www.pagina12.com.ar/secciones/recordatorios
   Connected --1588403030.096775
https://www.pagina12.com.ar/secciones/recordatorios
   Connected --1588403030.600397
https://www.pagina12.com.ar/secciones/consumo
   Connected --1588403030.888523
https://www.pagina12.com.ar/secciones/consumo
   Connected --1588403031.17863
https://www.pagina12.com.ar/secciones/salta12
   Connected --1588403031.457853
https://www.pagina12.com.ar/secciones/salta12
   Connected --1588403031.847472
https://www.pagina12.com.ar/secciones/podcasts
   Connected --1588403032.233009
https://www.pagina12.com.ar/secciones/podcasts
   Connected --1588403032.525787
https://www.pagina12.com.ar/secciones/soci@s
   Connected --1588403032.824543
https://www.pagina12.com.ar/secciones/soci@s
   Connected --1588403033.145684
https://www.pagina12.com.ar/263251-la-que-le-espera-a-africa
   Connected --1588403033.465828
https://www.pagina12.com.ar/263287-coronavirus-un-espaldarazo-hacia-la-impunidad-de-un-genocida
   Connected --1588403033.855914
https://www.pagina12.com.ar/263290-gobernadores-destacaron-el-rol-del-estado-ante-la-crisis
   Connected --1588403034.285287
https://www.pagina12.com.ar/263291-lo-hacen-para-desestabilizar-al-gobierno
   Connected --1588403034.639047
https://www.pagina12.com.ar/263091-andres-larroque-reemplazara-a-maria-fernanda-raverta-en-el-g
   Connected --1588403035.112289
https://www.pagina12.com.ar/263307-juntos-por-el-cambio-traba-la-reactivacion-del-senado
   Connected --1588403035.701288
https://www.pagina12.com.ar/263096-los-motivos-del-presidente-para-designar-a-fernanda-raverta-
   Connected --1588403036.121132
https://www.pagina12.com.ar/263313-como-evaluo-el-gobierno-el-cacerolazo-del-jueves
   Connected --1588403036.548133
https://www.pagina12.com.ar/263315-coronavirus-maestros-con-multiples-tareas-y-sin-herramientas
   Connected --1588403036.937844
https://www.pagina12.com.ar/263316-coronavirus-y-carceles-entre-el-peligro-real-de-contagio-y-l
   Connected --1588403037.276601
https://www.pagina12.com.ar/263319-coronavirus-en-villas-y-carceles-bombas-biologicas
   Connected --1588403037.639021
https://www.pagina12.com.ar/263159-dia-del-trabajador-en-cuarentena-actos-virtuales-y-ollas-pop
   Connected --1588403038.004049
https://www.pagina12.com.ar/263320-una-designacion-en-el-ministerio-de-desarrollo
   Connected --1588403038.345168
https://www.pagina12.com.ar/263182-los-trabajadores-legislativos-recibiran-un-plus-salarial-por
   Connected --1588403038.68952
https://www.pagina12.com.ar/263207-en-la-isla-biopolitica
   Connected --1588403039.027513
https://www.pagina12.com.ar/
   Connected --1588403199.614382
https://www.pagina12.com.ar/secciones/el-pais
   Connected --1588403200.054848
https://www.pagina12.com.ar/secciones/el-pais
   Connected --1588403200.33809
https://www.pagina12.com.ar/secciones/el-pais
   Connected --1588403200.642283
https://www.pagina12.com.ar/secciones/universidad-diario
   Connected --1588403200.956474
https://www.pagina12.com.ar/secciones/universidad-diario
   Connected --1588403201.462091
https://www.pagina12.com.ar/secciones/la-ventana
   Connected --1588403201.795733
https://www.pagina12.com.ar/secciones/la-ventana
   Connected --1588403202.32637
https://www.pagina12.com.ar/secciones/economia
   Connected --1588403202.602311
https://www.pagina12.com.ar/secciones/economia
   Connected --1588403203.088038
https://www.pagina12.com.ar/secciones/sociedad
   Connected --1588403203.560243
https://www.pagina12.com.ar/secciones/sociedad
   Connected --1588403203.922911
https://www.pagina12.com.ar/suplementos/cultura-y-espectaculos
   Connected --1588403204.34977
https://www.pagina12.com.ar/suplementos/cultura-y-espectaculos
   Connected --1588403205.032945
https://www.pagina12.com.ar/secciones/ciencia
   Connected --1588403205.339941
https://www.pagina12.com.ar/secciones/ciencia
   Connected --1588403205.857798
https://www.pagina12.com.ar/secciones/dialogos
   Connected --1588403206.206355
https://www.pagina12.com.ar/secciones/dialogos
   Connected --1588403206.780836
https://www.pagina12.com.ar/secciones/el-mundo
   Connected --1588403207.164798
https://www.pagina12.com.ar/secciones/el-mundo
   Connected --1588403207.459047
https://www.pagina12.com.ar/edicion-impresa
   Connected --1588403207.906178
https://www.pagina12.com.ar/edicion-impresa
   Connected --1588403208.651603
https://www.pagina12.com.ar/secciones/deportes
   Connected --1588403209.062776
https://www.pagina12.com.ar/secciones/deportes
   Connected --1588403209.602592
https://www.pagina12.com.ar/secciones/ajedrez
   Connected --1588403209.919918
https://www.pagina12.com.ar/secciones/ajedrez
   Connected --1588403210.428155
https://www.pagina12.com.ar/secciones/cultura
   Connected --1588403210.714362
https://www.pagina12.com.ar/secciones/cultura
   Connected --1588403211.039528
https://www.pagina12.com.ar/secciones/plastica
   Connected --1588403211.502572
https://www.pagina12.com.ar/secciones/plastica
   Connected --1588403212.082325
https://www.pagina12.com.ar/secciones/psicologia
   Connected --1588403212.373187
https://www.pagina12.com.ar/secciones/psicologia
   Connected --1588403212.859287
https://www.pagina12.com.ar/secciones/hoy
   Connected --1588403213.149504
https://www.pagina12.com.ar/secciones/hoy
   Connected --1588403213.416765
https://www.pagina12.com.ar/secciones/cartas-de-lectores
   Connected --1588403213.747465
https://www.pagina12.com.ar/secciones/cartas-de-lectores
   Connected --1588403214.117551
https://www.pagina12.com.ar/secciones/contratapa
   Connected --1588403214.392563
https://www.pagina12.com.ar/secciones/contratapa
   Connected --1588403214.687802
https://www.pagina12.com.ar/secciones/audiovisuales
   Connected --1588403215.040831
https://www.pagina12.com.ar/secciones/audiovisuales
   Connected --1588403215.336398
https://www.pagina12.com.ar/secciones/recordatorios
   Connected --1588403215.626683
https://www.pagina12.com.ar/secciones/recordatorios
   Connected --1588403215.909304
https://www.pagina12.com.ar/secciones/consumo
   Connected --1588403216.225687
https://www.pagina12.com.ar/secciones/consumo
   Connected --1588403216.647235
https://www.pagina12.com.ar/secciones/salta12
   Connected --1588403216.993329
https://www.pagina12.com.ar/secciones/salta12
   Connected --1588403217.301467
https://www.pagina12.com.ar/secciones/podcasts
   Connected --1588403217.622609
https://www.pagina12.com.ar/secciones/podcasts
   Connected --1588403217.929254
https://www.pagina12.com.ar/secciones/soci@s
   Connected --1588403218.295761
https://www.pagina12.com.ar/secciones/soci@s
   Connected --1588403218.642827
https://www.pagina12.com.ar/263251-la-que-le-espera-a-africa
   Connected --1588403219.003858
https://www.pagina12.com.ar/263287-coronavirus-un-espaldarazo-hacia-la-impunidad-de-un-genocida
   Connected --1588403219.339469
https://www.pagina12.com.ar/263290-gobernadores-destacaron-el-rol-del-estado-ante-la-crisis
   Connected --1588403219.782348
https://www.pagina12.com.ar/263291-lo-hacen-para-desestabilizar-al-gobierno
   Connected --1588403220.122362
https://www.pagina12.com.ar/263091-andres-larroque-reemplazara-a-maria-fernanda-raverta-en-el-g
   Connected --1588403220.602859
https://www.pagina12.com.ar/263307-juntos-por-el-cambio-traba-la-reactivacion-del-senado
   Connected --1588403220.982133
https://www.pagina12.com.ar/263096-los-motivos-del-presidente-para-designar-a-fernanda-raverta-
   Connected --1588403221.339779
https://www.pagina12.com.ar/263313-como-evaluo-el-gobierno-el-cacerolazo-del-jueves
   Connected --1588403221.726071
https://www.pagina12.com.ar/263315-coronavirus-maestros-con-multiples-tareas-y-sin-herramientas
   Connected --1588403222.123319
https://www.pagina12.com.ar/263316-coronavirus-y-carceles-entre-el-peligro-real-de-contagio-y-l
   Connected --1588403222.547185
https://www.pagina12.com.ar/263319-coronavirus-en-villas-y-carceles-bombas-biologicas
   Connected --1588403223.064982
https://www.pagina12.com.ar/263159-dia-del-trabajador-en-cuarentena-actos-virtuales-y-ollas-pop
   Connected --1588403223.413107
https://www.pagina12.com.ar/263320-una-designacion-en-el-ministerio-de-desarrollo
   Connected --1588403223.902065
https://www.pagina12.com.ar/263182-los-trabajadores-legislativos-recibiran-un-plus-salarial-por
   Connected --1588403224.35842
https://www.pagina12.com.ar/263207-en-la-isla-biopolitica
   Connected --1588403224.752604
https://www.pagina12.com.ar/
   Connected --1588403226.10261
https://www.pagina12.com.ar/secciones/el-pais
   Connected --1588403226.520461
https://www.pagina12.com.ar/secciones/el-pais
   Connected --1588403226.805731
https://www.pagina12.com.ar/secciones/el-pais
   Connected --1588403227.103903
https://www.pagina12.com.ar/secciones/universidad-diario
   Connected --1588403227.394014
https://www.pagina12.com.ar/secciones/universidad-diario
   Connected --1588403227.722713
https://www.pagina12.com.ar/secciones/la-ventana
   Connected --1588403228.332707
https://www.pagina12.com.ar/secciones/la-ventana
   Connected --1588403228.699728
https://www.pagina12.com.ar/secciones/economia
   Connected --1588403229.003914
https://www.pagina12.com.ar/secciones/economia
   Connected --1588403229.284371
https://www.pagina12.com.ar/secciones/sociedad
   Connected --1588403229.578172
https://www.pagina12.com.ar/secciones/sociedad
   Connected --1588403229.873172
https://www.pagina12.com.ar/suplementos/cultura-y-espectaculos
   Connected --1588403230.297401
https://www.pagina12.com.ar/suplementos/cultura-y-espectaculos
   Connected --1588403230.921732
https://www.pagina12.com.ar/secciones/ciencia
   Connected --1588403231.382127
https://www.pagina12.com.ar/secciones/ciencia
   Connected --1588403231.667447
https://www.pagina12.com.ar/secciones/dialogos
   Connected --1588403231.971256
https://www.pagina12.com.ar/secciones/dialogos
   Connected --1588403232.265233
https://www.pagina12.com.ar/secciones/el-mundo
   Connected --1588403232.603331
https://www.pagina12.com.ar/secciones/el-mundo
   Connected --1588403233.032347
https://www.pagina12.com.ar/edicion-impresa
   Connected --1588403233.492527
https://www.pagina12.com.ar/edicion-impresa
   Connected --1588403234.044904
https://www.pagina12.com.ar/secciones/deportes
   Connected --1588403234.419932
https://www.pagina12.com.ar/secciones/deportes
   Connected --1588403234.706135
https://www.pagina12.com.ar/secciones/ajedrez
   Connected --1588403234.998122
https://www.pagina12.com.ar/secciones/ajedrez
   Connected --1588403235.296234
https://www.pagina12.com.ar/secciones/cultura
   Connected --1588403235.601449
https://www.pagina12.com.ar/secciones/cultura
   Connected --1588403235.895907
https://www.pagina12.com.ar/secciones/plastica
   Connected --1588403236.211065
https://www.pagina12.com.ar/secciones/plastica
   Connected --1588403236.498873
https://www.pagina12.com.ar/secciones/psicologia
   Connected --1588403236.816288
https://www.pagina12.com.ar/secciones/psicologia
   Connected --1588403237.132675
https://www.pagina12.com.ar/secciones/hoy
   Connected --1588403237.480905
https://www.pagina12.com.ar/secciones/hoy
   Connected --1588403237.859115
https://www.pagina12.com.ar/secciones/cartas-de-lectores
   Connected --1588403238.149056
https://www.pagina12.com.ar/secciones/cartas-de-lectores
   Connected --1588403238.425348
https://www.pagina12.com.ar/secciones/contratapa
   Connected --1588403238.748454
https://www.pagina12.com.ar/secciones/contratapa
   Connected --1588403239.045231
https://www.pagina12.com.ar/secciones/audiovisuales
   Connected --1588403239.36101
https://www.pagina12.com.ar/secciones/audiovisuales
   Connected --1588403239.637076
https://www.pagina12.com.ar/secciones/recordatorios
   Connected --1588403239.932462
https://www.pagina12.com.ar/secciones/recordatorios
   Connected --1588403240.232258
https://www.pagina12.com.ar/secciones/consumo
   Connected --1588403240.520187
https://www.pagina12.com.ar/secciones/consumo
   Connected --1588403240.840897
https://www.pagina12.com.ar/secciones/salta12
   Connected --1588403241.129124
https://www.pagina12.com.ar/secciones/salta12
   Connected --1588403241.403393
https://www.pagina12.com.ar/secciones/podcasts
   Connected --1588403241.697378
https://www.pagina12.com.ar/secciones/podcasts
   Connected --1588403241.998046
https://www.pagina12.com.ar/secciones/soci@s
   Connected --1588403242.44987
https://www.pagina12.com.ar/secciones/soci@s
   Connected --1588403242.761069
https://www.pagina12.com.ar/263251-la-que-le-espera-a-africa
   Connected --1588403243.058286
https://www.pagina12.com.ar/263287-coronavirus-un-espaldarazo-hacia-la-impunidad-de-un-genocida
   Connected --1588403243.396541
https://www.pagina12.com.ar/263290-gobernadores-destacaron-el-rol-del-estado-ante-la-crisis
   Connected --1588403243.821555
https://www.pagina12.com.ar/263291-lo-hacen-para-desestabilizar-al-gobierno
   Connected --1588403244.172178
https://www.pagina12.com.ar/263091-andres-larroque-reemplazara-a-maria-fernanda-raverta-en-el-g
   Connected --1588403244.517275
https://www.pagina12.com.ar/263307-juntos-por-el-cambio-traba-la-reactivacion-del-senado
   Connected --1588403244.858341
https://www.pagina12.com.ar/263096-los-motivos-del-presidente-para-designar-a-fernanda-raverta-
   Connected --1588403245.206465
https://www.pagina12.com.ar/263313-como-evaluo-el-gobierno-el-cacerolazo-del-jueves
   Connected --1588403245.53292
https://www.pagina12.com.ar/263315-coronavirus-maestros-con-multiples-tareas-y-sin-herramientas
   Connected --1588403245.911081
https://www.pagina12.com.ar/263316-coronavirus-y-carceles-entre-el-peligro-real-de-contagio-y-l
   Connected --1588403246.515466
https://www.pagina12.com.ar/263319-coronavirus-en-villas-y-carceles-bombas-biologicas
   Connected --1588403246.925586
https://www.pagina12.com.ar/263159-dia-del-trabajador-en-cuarentena-actos-virtuales-y-ollas-pop
   Connected --1588403247.268017
https://www.pagina12.com.ar/263320-una-designacion-en-el-ministerio-de-desarrollo
   Connected --1588403247.653528
https://www.pagina12.com.ar/263182-los-trabajadores-legislativos-recibiran-un-plus-salarial-por
   Connected --1588403247.978659
https://www.pagina12.com.ar/263207-en-la-isla-biopolitica
   Connected --1588403248.32712
https://www.pagina12.com.ar/
   Connected --1588403293.755461
https://www.pagina12.com.ar/secciones/el-pais
   Connected --1588403294.162247
https://www.pagina12.com.ar/secciones/el-pais
   Connected --1588403294.474411
https://www.pagina12.com.ar/secciones/el-pais
   Connected --1588403294.775637
https://www.pagina12.com.ar/secciones/universidad-diario
   Connected --1588403295.102779
https://www.pagina12.com.ar/secciones/universidad-diario
   Connected --1588403295.413093
https://www.pagina12.com.ar/secciones/la-ventana
   Connected --1588403295.725228
https://www.pagina12.com.ar/secciones/la-ventana
   Connected --1588403296.157517
https://www.pagina12.com.ar/secciones/economia
   Connected --1588403296.47677
https://www.pagina12.com.ar/secciones/economia
   Connected --1588403296.792908
https://www.pagina12.com.ar/secciones/sociedad
   Connected --1588403297.097093
https://www.pagina12.com.ar/secciones/sociedad
   Connected --1588403297.392335
https://www.pagina12.com.ar/suplementos/cultura-y-espectaculos
   Connected --1588403297.852574
https://www.pagina12.com.ar/suplementos/cultura-y-espectaculos
   Connected --1588403298.278425
https://www.pagina12.com.ar/secciones/ciencia
   Connected --1588403298.621476
https://www.pagina12.com.ar/secciones/ciencia
   Connected --1588403298.930697
https://www.pagina12.com.ar/secciones/dialogos
   Connected --1588403299.283777
https://www.pagina12.com.ar/secciones/dialogos
   Connected --1588403299.722501
https://www.pagina12.com.ar/secciones/el-mundo
   Connected --1588403300.026819
https://www.pagina12.com.ar/secciones/el-mundo
   Connected --1588403300.330004
https://www.pagina12.com.ar/edicion-impresa
   Connected --1588403300.805734
https://www.pagina12.com.ar/edicion-impresa
   Connected --1588403301.321354
https://www.pagina12.com.ar/secciones/deportes
   Connected --1588403301.667897
https://www.pagina12.com.ar/secciones/deportes
   Connected --1588403301.976364
https://www.pagina12.com.ar/secciones/ajedrez
   Connected --1588403302.293084
https://www.pagina12.com.ar/secciones/ajedrez
   Connected --1588403302.576297
https://www.pagina12.com.ar/secciones/cultura
   Connected --1588403302.870541
https://www.pagina12.com.ar/secciones/cultura
   Connected --1588403303.202622
https://www.pagina12.com.ar/secciones/plastica
   Connected --1588403303.63085
https://www.pagina12.com.ar/secciones/plastica
   Connected --1588403303.996756
https://www.pagina12.com.ar/secciones/psicologia
   Connected --1588403304.297958
https://www.pagina12.com.ar/secciones/psicologia
   Connected --1588403304.607125
https://www.pagina12.com.ar/secciones/hoy
   Connected --1588403304.899335
https://www.pagina12.com.ar/secciones/hoy
   Connected --1588403305.205534
https://www.pagina12.com.ar/secciones/cartas-de-lectores
   Connected --1588403305.49345
https://www.pagina12.com.ar/secciones/cartas-de-lectores
   Connected --1588403305.768721
https://www.pagina12.com.ar/secciones/contratapa
   Connected --1588403306.271945
https://www.pagina12.com.ar/secciones/contratapa
   Connected --1588403306.778008
https://www.pagina12.com.ar/secciones/audiovisuales
   Connected --1588403307.104145
https://www.pagina12.com.ar/secciones/audiovisuales
   Connected --1588403307.401728
https://www.pagina12.com.ar/secciones/recordatorios
   Connected --1588403307.697853
https://www.pagina12.com.ar/secciones/recordatorios
   Connected --1588403308.010243
https://www.pagina12.com.ar/secciones/consumo
   Connected --1588403308.3364
https://www.pagina12.com.ar/secciones/consumo
   Connected --1588403308.844607
https://www.pagina12.com.ar/secciones/salta12
   Connected --1588403309.151347
https://www.pagina12.com.ar/secciones/salta12
   Connected --1588403309.439061
https://www.pagina12.com.ar/secciones/podcasts
   Connected --1588403309.728516
https://www.pagina12.com.ar/secciones/podcasts
   Connected --1588403310.026676
https://www.pagina12.com.ar/secciones/soci@s
   Connected --1588403310.315886
https://www.pagina12.com.ar/secciones/soci@s
   Connected --1588403310.609267
https://www.pagina12.com.ar/263251-la-que-le-espera-a-africa
   Connected --1588403310.899488
https://www.pagina12.com.ar/263287-coronavirus-un-espaldarazo-hacia-la-impunidad-de-un-genocida
   Connected --1588403311.519801
https://www.pagina12.com.ar/263290-gobernadores-destacaron-el-rol-del-estado-ante-la-crisis
   Connected --1588403311.886829
https://www.pagina12.com.ar/263291-lo-hacen-para-desestabilizar-al-gobierno
   Connected --1588403312.243059
https://www.pagina12.com.ar/263091-andres-larroque-reemplazara-a-maria-fernanda-raverta-en-el-g
   Connected --1588403312.581996
https://www.pagina12.com.ar/263307-juntos-por-el-cambio-traba-la-reactivacion-del-senado
   Connected --1588403313.040773
https://www.pagina12.com.ar/263096-los-motivos-del-presidente-para-designar-a-fernanda-raverta-
   Connected --1588403313.627888
https://www.pagina12.com.ar/263313-como-evaluo-el-gobierno-el-cacerolazo-del-jueves
   Connected --1588403314.301522
https://www.pagina12.com.ar/263315-coronavirus-maestros-con-multiples-tareas-y-sin-herramientas
   Connected --1588403314.66088
https://www.pagina12.com.ar/263316-coronavirus-y-carceles-entre-el-peligro-real-de-contagio-y-l
   Connected --1588403314.993052
https://www.pagina12.com.ar/263319-coronavirus-en-villas-y-carceles-bombas-biologicas
   Connected --1588403315.338109
https://www.pagina12.com.ar/263159-dia-del-trabajador-en-cuarentena-actos-virtuales-y-ollas-pop
   Connected --1588403315.680195
https://www.pagina12.com.ar/263320-una-designacion-en-el-ministerio-de-desarrollo
   Connected --1588403316.0323
https://www.pagina12.com.ar/263182-los-trabajadores-legislativos-recibiran-un-plus-salarial-por
   Connected --1588403316.401268
https://www.pagina12.com.ar/263207-en-la-isla-biopolitica
   Connected --1588403316.735735
https://www.pagina12.com.ar/
   Connected --1588403467.550054
https://www.pagina12.com.ar/secciones/el-pais
   Connected --1588403468.177946
https://www.pagina12.com.ar/secciones/el-pais
   Connected --1588403468.675375
https://www.pagina12.com.ar/secciones/el-pais
   Connected --1588403469.187952
https://www.pagina12.com.ar/secciones/universidad-diario
   Connected --1588403469.694645
https://www.pagina12.com.ar/secciones/universidad-diario
   Connected --1588403470.186904
https://www.pagina12.com.ar/secciones/la-ventana
   Connected --1588403470.491756
https://www.pagina12.com.ar/secciones/la-ventana
   Connected --1588403471.029797
https://www.pagina12.com.ar/secciones/economia
   Connected --1588403471.606505
https://www.pagina12.com.ar/secciones/economia
   Connected --1588403471.980504
https://www.pagina12.com.ar/secciones/sociedad
   Connected --1588403472.462839
https://www.pagina12.com.ar/secciones/sociedad
   Connected --1588403472.981309
https://www.pagina12.com.ar/suplementos/cultura-y-espectaculos
   Connected --1588403473.650822
https://www.pagina12.com.ar/suplementos/cultura-y-espectaculos
   Connected --1588403474.084456
https://www.pagina12.com.ar/secciones/ciencia
   Connected --1588403474.513943
https://www.pagina12.com.ar/secciones/ciencia
   Connected --1588403474.813183
https://www.pagina12.com.ar/secciones/dialogos
   Connected --1588403475.110363
https://www.pagina12.com.ar/secciones/dialogos
   Connected --1588403475.621546
https://www.pagina12.com.ar/secciones/el-mundo
   Connected --1588403476.211655
https://www.pagina12.com.ar/secciones/el-mundo
   Connected --1588403476.552279
https://www.pagina12.com.ar/edicion-impresa
   Connected --1588403477.249569
https://www.pagina12.com.ar/edicion-impresa
   Connected --1588403477.75526
https://www.pagina12.com.ar/secciones/deportes
   Connected --1588403478.123239
https://www.pagina12.com.ar/secciones/deportes
   Connected --1588403478.455467
https://www.pagina12.com.ar/secciones/ajedrez
   Connected --1588403478.843753
https://www.pagina12.com.ar/secciones/ajedrez
   Connected --1588403479.333635
https://www.pagina12.com.ar/secciones/cultura
   Connected --1588403479.842257
https://www.pagina12.com.ar/secciones/cultura
   Connected --1588403480.139441
https://www.pagina12.com.ar/secciones/plastica
   Connected --1588403480.454207
https://www.pagina12.com.ar/secciones/plastica
   Connected --1588403480.753226
https://www.pagina12.com.ar/secciones/psicologia
   Connected --1588403481.264727
https://www.pagina12.com.ar/secciones/psicologia
   Connected --1588403481.703573
https://www.pagina12.com.ar/secciones/hoy
   Connected --1588403482.269343
https://www.pagina12.com.ar/secciones/hoy
   Connected --1588403482.5715
https://www.pagina12.com.ar/secciones/cartas-de-lectores
   Connected --1588403483.058592
https://www.pagina12.com.ar/secciones/cartas-de-lectores
   Connected --1588403483.359789
https://www.pagina12.com.ar/secciones/contratapa
   Connected --1588403483.666002
https://www.pagina12.com.ar/secciones/contratapa
   Connected --1588403483.951242
https://www.pagina12.com.ar/secciones/audiovisuales
   Connected --1588403484.236817
https://www.pagina12.com.ar/secciones/audiovisuales
   Connected --1588403484.548892
https://www.pagina12.com.ar/secciones/recordatorios
   Connected --1588403484.84806
https://www.pagina12.com.ar/secciones/recordatorios
   Connected --1588403485.148574
https://www.pagina12.com.ar/secciones/consumo
   Connected --1588403485.486494
https://www.pagina12.com.ar/secciones/consumo
   Connected --1588403485.827042
https://www.pagina12.com.ar/secciones/salta12
   Connected --1588403486.185493
https://www.pagina12.com.ar/secciones/salta12
   Connected --1588403486.607401
https://www.pagina12.com.ar/secciones/podcasts
   Connected --1588403486.943146
https://www.pagina12.com.ar/secciones/podcasts
   Connected --1588403487.236361
https://www.pagina12.com.ar/secciones/soci@s
   Connected --1588403487.553788
https://www.pagina12.com.ar/secciones/soci@s
   Connected --1588403487.856954
https://www.pagina12.com.ar/263251-la-que-le-espera-a-africa
   Connected --1588403488.185178
https://www.pagina12.com.ar/263287-coronavirus-un-espaldarazo-hacia-la-impunidad-de-un-genocida
   Connected --1588403488.591381
https://www.pagina12.com.ar/263290-gobernadores-destacaron-el-rol-del-estado-ante-la-crisis
   Connected --1588403488.967348
https://www.pagina12.com.ar/263291-lo-hacen-para-desestabilizar-al-gobierno
   Connected --1588403489.30654
https://www.pagina12.com.ar/263091-andres-larroque-reemplazara-a-maria-fernanda-raverta-en-el-g
   Connected --1588403489.634755
https://www.pagina12.com.ar/263307-juntos-por-el-cambio-traba-la-reactivacion-del-senado
   Connected --1588403490.036792
https://www.pagina12.com.ar/263096-los-motivos-del-presidente-para-designar-a-fernanda-raverta-
   Connected --1588403490.445212
https://www.pagina12.com.ar/263313-como-evaluo-el-gobierno-el-cacerolazo-del-jueves
   Connected --1588403490.776337
https://www.pagina12.com.ar/263315-coronavirus-maestros-con-multiples-tareas-y-sin-herramientas
   Connected --1588403491.25205
https://www.pagina12.com.ar/263316-coronavirus-y-carceles-entre-el-peligro-real-de-contagio-y-l
   Connected --1588403491.617573
https://www.pagina12.com.ar/263319-coronavirus-en-villas-y-carceles-bombas-biologicas
   Connected --1588403492.036099
https://www.pagina12.com.ar/263159-dia-del-trabajador-en-cuarentena-actos-virtuales-y-ollas-pop
   Connected --1588403492.438778
https://www.pagina12.com.ar/263320-una-designacion-en-el-ministerio-de-desarrollo
   Connected --1588403492.782826
https://www.pagina12.com.ar/263182-los-trabajadores-legislativos-recibiran-un-plus-salarial-por
   Connected --1588403493.178802
https://www.pagina12.com.ar/263207-en-la-isla-biopolitica
   Connected --1588403493.59074
https://www.pagina12.com.ar/
   Connected --1588403573.688802
https://www.pagina12.com.ar/secciones/el-pais
   Connected --1588403574.303815
https://www.pagina12.com.ar/secciones/el-pais
   Connected --1588403574.591318
https://www.pagina12.com.ar/secciones/el-pais
   Connected --1588403574.900312
https://www.pagina12.com.ar/secciones/universidad-diario
   Connected --1588403575.209277
https://www.pagina12.com.ar/secciones/universidad-diario
   Connected --1588403575.685202
https://www.pagina12.com.ar/secciones/la-ventana
   Connected --1588403576.202821
https://www.pagina12.com.ar/secciones/la-ventana
   Connected --1588403576.699186
https://www.pagina12.com.ar/secciones/economia
   Connected --1588403577.236358
https://www.pagina12.com.ar/secciones/economia
   Connected --1588403577.756999
https://www.pagina12.com.ar/secciones/sociedad
   Connected --1588403578.059772
https://www.pagina12.com.ar/secciones/sociedad
   Connected --1588403578.37111
https://www.pagina12.com.ar/suplementos/cultura-y-espectaculos
   Connected --1588403578.991302
https://www.pagina12.com.ar/suplementos/cultura-y-espectaculos
   Connected --1588403579.85361
https://www.pagina12.com.ar/secciones/ciencia
   Connected --1588403580.15511
https://www.pagina12.com.ar/secciones/ciencia
   Connected --1588403580.460988
https://www.pagina12.com.ar/secciones/dialogos
   Connected --1588403580.76478
https://www.pagina12.com.ar/secciones/dialogos
   Connected --1588403581.05005
https://www.pagina12.com.ar/secciones/el-mundo
   Connected --1588403581.335255
https://www.pagina12.com.ar/secciones/el-mundo
   Connected --1588403581.841483
https://www.pagina12.com.ar/edicion-impresa
   Connected --1588403582.545883
https://www.pagina12.com.ar/edicion-impresa
   Connected --1588403583.510707
https://www.pagina12.com.ar/secciones/deportes
   Connected --1588403584.07698
https://www.pagina12.com.ar/secciones/deportes
   Connected --1588403584.375151
https://www.pagina12.com.ar/secciones/ajedrez
   Connected --1588403584.868431
https://www.pagina12.com.ar/secciones/ajedrez
   Connected --1588403585.151718
https://www.pagina12.com.ar/secciones/cultura
   Connected --1588403585.425623
https://www.pagina12.com.ar/secciones/cultura
   Connected --1588403585.713617
https://www.pagina12.com.ar/secciones/plastica
   Connected --1588403586.00487
https://www.pagina12.com.ar/secciones/plastica
   Connected --1588403586.292098
https://www.pagina12.com.ar/secciones/psicologia
   Connected --1588403586.603271
https://www.pagina12.com.ar/secciones/psicologia
   Connected --1588403587.101913
https://www.pagina12.com.ar/secciones/hoy
   Connected --1588403587.42243
https://www.pagina12.com.ar/secciones/hoy
   Connected --1588403587.889321
https://www.pagina12.com.ar/secciones/cartas-de-lectores
   Connected --1588403588.165583
https://www.pagina12.com.ar/secciones/cartas-de-lectores
   Connected --1588403588.437884
https://www.pagina12.com.ar/secciones/contratapa
   Connected --1588403588.729106
https://www.pagina12.com.ar/secciones/contratapa
   Connected --1588403589.011321
https://www.pagina12.com.ar/secciones/audiovisuales
   Connected --1588403589.310556
https://www.pagina12.com.ar/secciones/audiovisuales
   Connected --1588403589.614071
https://www.pagina12.com.ar/secciones/recordatorios
   Connected --1588403589.899184
https://www.pagina12.com.ar/secciones/recordatorios
   Connected --1588403590.198042
https://www.pagina12.com.ar/secciones/consumo
   Connected --1588403590.515433
https://www.pagina12.com.ar/secciones/consumo
   Connected --1588403590.811641
https://www.pagina12.com.ar/secciones/salta12
   Connected --1588403591.101863
https://www.pagina12.com.ar/secciones/salta12
   Connected --1588403591.466106
https://www.pagina12.com.ar/secciones/podcasts
   Connected --1588403591.862744
https://www.pagina12.com.ar/secciones/podcasts
   Connected --1588403592.137044
https://www.pagina12.com.ar/secciones/soci@s
   Connected --1588403592.430286
https://www.pagina12.com.ar/secciones/soci@s
   Connected --1588403592.787306
https://www.pagina12.com.ar/263251-la-que-le-espera-a-africa
   Connected --1588403593.162868
https://www.pagina12.com.ar/263287-coronavirus-un-espaldarazo-hacia-la-impunidad-de-un-genocida
   Connected --1588403593.569256
https://www.pagina12.com.ar/263290-gobernadores-destacaron-el-rol-del-estado-ante-la-crisis
   Connected --1588403593.996302
https://www.pagina12.com.ar/263291-lo-hacen-para-desestabilizar-al-gobierno
   Connected --1588403594.338387
https://www.pagina12.com.ar/263091-andres-larroque-reemplazara-a-maria-fernanda-raverta-en-el-g
   Connected --1588403594.938815
https://www.pagina12.com.ar/263307-juntos-por-el-cambio-traba-la-reactivacion-del-senado
   Connected --1588403595.595641
https://www.pagina12.com.ar/263096-los-motivos-del-presidente-para-designar-a-fernanda-raverta-
   Connected --1588403595.944709
https://www.pagina12.com.ar/263313-como-evaluo-el-gobierno-el-cacerolazo-del-jueves
   Connected --1588403596.418475
https://www.pagina12.com.ar/263315-coronavirus-maestros-con-multiples-tareas-y-sin-herramientas
   Connected --1588403596.776522
https://www.pagina12.com.ar/263316-coronavirus-y-carceles-entre-el-peligro-real-de-contagio-y-l
   Connected --1588403597.13056
https://www.pagina12.com.ar/263319-coronavirus-en-villas-y-carceles-bombas-biologicas
   Connected --1588403597.595193
https://www.pagina12.com.ar/263159-dia-del-trabajador-en-cuarentena-actos-virtuales-y-ollas-pop
   Connected --1588403597.945281
https://www.pagina12.com.ar/263320-una-designacion-en-el-ministerio-de-desarrollo
   Connected --1588403598.344223
https://www.pagina12.com.ar/263182-los-trabajadores-legislativos-recibiran-un-plus-salarial-por
   Connected --1588403598.702323
https://www.pagina12.com.ar/263207-en-la-isla-biopolitica
   Connected --1588403599.052408
https://www.pagina12.com.ar/
   Connected --1588403671.558768
https://www.pagina12.com.ar/secciones/el-pais
   Connected --1588403671.977946
https://www.pagina12.com.ar/secciones/el-pais
   Connected --1588403672.487634
https://www.pagina12.com.ar/secciones/el-pais
   Connected --1588403672.984318
https://www.pagina12.com.ar/secciones/universidad-diario
   Connected --1588403673.486939
https://www.pagina12.com.ar/secciones/universidad-diario
   Connected --1588403673.984925
https://www.pagina12.com.ar/secciones/la-ventana
   Connected --1588403674.294543
https://www.pagina12.com.ar/secciones/la-ventana
   Connected --1588403674.589779
https://www.pagina12.com.ar/secciones/economia
   Connected --1588403674.88101
https://www.pagina12.com.ar/secciones/economia
   Connected --1588403675.377263
https://www.pagina12.com.ar/secciones/sociedad
   Connected --1588403675.990122
https://www.pagina12.com.ar/secciones/sociedad
   Connected --1588403676.4973
https://www.pagina12.com.ar/suplementos/cultura-y-espectaculos
   Connected --1588403676.927299
https://www.pagina12.com.ar/suplementos/cultura-y-espectaculos
   Connected --1588403677.565571
https://www.pagina12.com.ar/secciones/ciencia
   Connected --1588403677.845071
https://www.pagina12.com.ar/secciones/ciencia
   Connected --1588403678.33076
https://www.pagina12.com.ar/secciones/dialogos
   Connected --1588403678.620978
https://www.pagina12.com.ar/secciones/dialogos
   Connected --1588403679.1268
https://www.pagina12.com.ar/secciones/el-mundo
   Connected --1588403679.470475
https://www.pagina12.com.ar/secciones/el-mundo
   Connected --1588403679.742869
https://www.pagina12.com.ar/edicion-impresa
   Connected --1588403680.443181
https://www.pagina12.com.ar/edicion-impresa
   Connected --1588403681.306432
https://www.pagina12.com.ar/secciones/deportes
   Connected --1588403681.66723
https://www.pagina12.com.ar/secciones/deportes
   Connected --1588403682.165991
https://www.pagina12.com.ar/secciones/ajedrez
   Connected --1588403682.584923
https://www.pagina12.com.ar/secciones/ajedrez
   Connected --1588403682.937097
https://www.pagina12.com.ar/secciones/cultura
   Connected --1588403683.262201
https://www.pagina12.com.ar/secciones/cultura
   Connected --1588403683.54758
https://www.pagina12.com.ar/secciones/plastica
   Connected --1588403683.86478
https://www.pagina12.com.ar/secciones/plastica
   Connected --1588403684.167108
https://www.pagina12.com.ar/secciones/psicologia
   Connected --1588403684.690757
https://www.pagina12.com.ar/secciones/psicologia
   Connected --1588403684.99791
https://www.pagina12.com.ar/secciones/hoy
   Connected --1588403685.308767
https://www.pagina12.com.ar/secciones/hoy
   Connected --1588403685.640671
https://www.pagina12.com.ar/secciones/cartas-de-lectores
   Connected --1588403686.131916
https://www.pagina12.com.ar/secciones/cartas-de-lectores
   Connected --1588403686.437665
https://www.pagina12.com.ar/secciones/contratapa
   Connected --1588403686.724901
https://www.pagina12.com.ar/secciones/contratapa
   Connected --1588403687.027116
https://www.pagina12.com.ar/secciones/audiovisuales
   Connected --1588403687.324273
https://www.pagina12.com.ar/secciones/audiovisuales
   Connected --1588403687.856853
https://www.pagina12.com.ar/secciones/recordatorios
   Connected --1588403688.187134
https://www.pagina12.com.ar/secciones/recordatorios
   Connected --1588403688.504392
https://www.pagina12.com.ar/secciones/consumo
   Connected --1588403688.833544
https://www.pagina12.com.ar/secciones/consumo
   Connected --1588403689.133718
https://www.pagina12.com.ar/secciones/salta12
   Connected --1588403689.464039
https://www.pagina12.com.ar/secciones/salta12
   Connected --1588403689.775208
https://www.pagina12.com.ar/secciones/podcasts
   Connected --1588403690.09517
https://www.pagina12.com.ar/secciones/podcasts
   Connected --1588403690.471131
https://www.pagina12.com.ar/secciones/soci@s
   Connected --1588403690.846129
https://www.pagina12.com.ar/secciones/soci@s
   Connected --1588403691.346424
https://www.pagina12.com.ar/263251-la-que-le-espera-a-africa
   Connected --1588403691.715187
https://www.pagina12.com.ar/263287-coronavirus-un-espaldarazo-hacia-la-impunidad-de-un-genocida
   Connected --1588403692.105143
https://www.pagina12.com.ar/263290-gobernadores-destacaron-el-rol-del-estado-ante-la-crisis
   Connected --1588403692.528011
https://www.pagina12.com.ar/263291-lo-hacen-para-desestabilizar-al-gobierno
   Connected --1588403692.930061
https://www.pagina12.com.ar/263091-andres-larroque-reemplazara-a-maria-fernanda-raverta-en-el-g
   Connected --1588403693.589796
https://www.pagina12.com.ar/263307-juntos-por-el-cambio-traba-la-reactivacion-del-senado
   Connected --1588403693.985767
https://www.pagina12.com.ar/263096-los-motivos-del-presidente-para-designar-a-fernanda-raverta-
   Connected --1588403694.394665
https://www.pagina12.com.ar/263313-como-evaluo-el-gobierno-el-cacerolazo-del-jueves
   Connected --1588403694.73853
https://www.pagina12.com.ar/263315-coronavirus-maestros-con-multiples-tareas-y-sin-herramientas
   Connected --1588403695.20185
https://www.pagina12.com.ar/263316-coronavirus-y-carceles-entre-el-peligro-real-de-contagio-y-l
   Connected --1588403695.648697
https://www.pagina12.com.ar/263319-coronavirus-en-villas-y-carceles-bombas-biologicas
   Connected --1588403696.272026
https://www.pagina12.com.ar/263159-dia-del-trabajador-en-cuarentena-actos-virtuales-y-ollas-pop
   Connected --1588403696.624163
https://www.pagina12.com.ar/263320-una-designacion-en-el-ministerio-de-desarrollo
   Connected --1588403696.970738
https://www.pagina12.com.ar/263182-los-trabajadores-legislativos-recibiran-un-plus-salarial-por
   Connected --1588403697.320888
https://www.pagina12.com.ar/263207-en-la-isla-biopolitica
   Connected --1588403697.664954
https://www.pagina12.com.ar/
   Connected --1588403771.379779
https://www.pagina12.com.ar/secciones/el-pais
   Connected --1588403771.863357
https://www.pagina12.com.ar/secciones/el-pais
   Connected --1588403772.153482
https://www.pagina12.com.ar/secciones/el-pais
   Connected --1588403772.678583
https://www.pagina12.com.ar/secciones/universidad-diario
   Connected --1588403773.308897
https://www.pagina12.com.ar/secciones/universidad-diario
   Connected --1588403773.791022
https://www.pagina12.com.ar/secciones/la-ventana
   Connected --1588403774.355601
https://www.pagina12.com.ar/secciones/la-ventana
   Connected --1588403774.64782
https://www.pagina12.com.ar/secciones/economia
   Connected --1588403775.144522
https://www.pagina12.com.ar/secciones/economia
   Connected --1588403775.659299
https://www.pagina12.com.ar/secciones/sociedad
   Connected --1588403776.203555
https://www.pagina12.com.ar/secciones/sociedad
   Connected --1588403776.713186
https://www.pagina12.com.ar/suplementos/cultura-y-espectaculos
   Connected --1588403777.127801
https://www.pagina12.com.ar/suplementos/cultura-y-espectaculos
   Connected --1588403777.573129
https://www.pagina12.com.ar/secciones/ciencia
   Connected --1588403778.162551
https://www.pagina12.com.ar/secciones/ciencia
   Connected --1588403778.461705
https://www.pagina12.com.ar/secciones/dialogos
   Connected --1588403778.752879
https://www.pagina12.com.ar/secciones/dialogos
   Connected --1588403779.063067
https://www.pagina12.com.ar/secciones/el-mundo
   Connected --1588403779.36419
https://www.pagina12.com.ar/secciones/el-mundo
   Connected --1588403779.866774
https://www.pagina12.com.ar/edicion-impresa
   Connected --1588403780.558676
https://www.pagina12.com.ar/edicion-impresa
   Connected --1588403781.581664
https://www.pagina12.com.ar/secciones/deportes
   Connected --1588403781.940838
https://www.pagina12.com.ar/secciones/deportes
   Connected --1588403782.228069
https://www.pagina12.com.ar/secciones/ajedrez
   Connected --1588403782.783606
https://www.pagina12.com.ar/secciones/ajedrez
   Connected --1588403783.089239
https://www.pagina12.com.ar/secciones/cultura
   Connected --1588403783.374969
https://www.pagina12.com.ar/secciones/cultura
   Connected --1588403783.692155
https://www.pagina12.com.ar/secciones/plastica
   Connected --1588403784.007307
https://www.pagina12.com.ar/secciones/plastica
   Connected --1588403784.286551
https://www.pagina12.com.ar/secciones/psicologia
   Connected --1588403784.592809
https://www.pagina12.com.ar/secciones/psicologia
   Connected --1588403784.885216
https://www.pagina12.com.ar/secciones/hoy
   Connected --1588403785.397865
https://www.pagina12.com.ar/secciones/hoy
   Connected --1588403785.77782
https://www.pagina12.com.ar/secciones/cartas-de-lectores
   Connected --1588403786.221427
https://www.pagina12.com.ar/secciones/cartas-de-lectores
   Connected --1588403786.696689
https://www.pagina12.com.ar/secciones/contratapa
   Connected --1588403786.99943
https://www.pagina12.com.ar/secciones/contratapa
   Connected --1588403787.711525
https://www.pagina12.com.ar/secciones/audiovisuales
   Connected --1588403788.001477
https://www.pagina12.com.ar/secciones/audiovisuales
   Connected --1588403788.385567
https://www.pagina12.com.ar/secciones/recordatorios
   Connected --1588403788.731869
https://www.pagina12.com.ar/secciones/recordatorios
   Connected --1588403789.041215
https://www.pagina12.com.ar/secciones/consumo
   Connected --1588403789.371334
https://www.pagina12.com.ar/secciones/consumo
   Connected --1588403789.661525
https://www.pagina12.com.ar/secciones/salta12
   Connected --1588403789.956735
https://www.pagina12.com.ar/secciones/salta12
   Connected --1588403790.240281
https://www.pagina12.com.ar/secciones/podcasts
   Connected --1588403790.603355
https://www.pagina12.com.ar/secciones/podcasts
   Connected --1588403790.876914
https://www.pagina12.com.ar/secciones/soci@s
   Connected --1588403791.210854
https://www.pagina12.com.ar/secciones/soci@s
   Connected --1588403791.659654
https://www.pagina12.com.ar/263251-la-que-le-espera-a-africa
   Connected --1588403791.958883
https://www.pagina12.com.ar/263287-coronavirus-un-espaldarazo-hacia-la-impunidad-de-un-genocida
   Connected --1588403792.371752
https://www.pagina12.com.ar/263290-gobernadores-destacaron-el-rol-del-estado-ante-la-crisis
   Connected --1588403792.799512
https://www.pagina12.com.ar/263291-lo-hacen-para-desestabilizar-al-gobierno
   Connected --1588403793.137263
https://www.pagina12.com.ar/263091-andres-larroque-reemplazara-a-maria-fernanda-raverta-en-el-g
   Connected --1588403793.584639
https://www.pagina12.com.ar/263307-juntos-por-el-cambio-traba-la-reactivacion-del-senado
   Connected --1588403793.992571
https://www.pagina12.com.ar/263096-los-motivos-del-presidente-para-designar-a-fernanda-raverta-
   Connected --1588403794.373529
https://www.pagina12.com.ar/263313-como-evaluo-el-gobierno-el-cacerolazo-del-jueves
   Connected --1588403794.719636
https://www.pagina12.com.ar/263315-coronavirus-maestros-con-multiples-tareas-y-sin-herramientas
   Connected --1588403795.053259
https://www.pagina12.com.ar/263316-coronavirus-y-carceles-entre-el-peligro-real-de-contagio-y-l
   Connected --1588403795.396076
https://www.pagina12.com.ar/263319-coronavirus-en-villas-y-carceles-bombas-biologicas
   Connected --1588403795.855274
https://www.pagina12.com.ar/263159-dia-del-trabajador-en-cuarentena-actos-virtuales-y-ollas-pop
   Connected --1588403796.322092
https://www.pagina12.com.ar/263320-una-designacion-en-el-ministerio-de-desarrollo
   Connected --1588403796.675733
https://www.pagina12.com.ar/263182-los-trabajadores-legislativos-recibiran-un-plus-salarial-por
   Connected --1588403797.060083
https://www.pagina12.com.ar/263207-en-la-isla-biopolitica
   Connected --1588403797.427324
https://www.pagina12.com.ar/
   Connected --1588404021.86724
https://www.pagina12.com.ar/secciones/el-pais
   Connected --1588404022.512035
https://www.pagina12.com.ar/secciones/el-pais
   Connected --1588404023.017964
https://www.pagina12.com.ar/secciones/el-pais
   Connected --1588404023.32113
https://www.pagina12.com.ar/secciones/universidad-diario
   Connected --1588404023.835932
https://www.pagina12.com.ar/secciones/universidad-diario
   Connected --1588404024.329073
https://www.pagina12.com.ar/secciones/la-ventana
   Connected --1588404024.834686
https://www.pagina12.com.ar/secciones/la-ventana
   Connected --1588404025.319815
https://www.pagina12.com.ar/secciones/economia
   Connected --1588404025.922908
https://www.pagina12.com.ar/secciones/economia
   Connected --1588404026.221111
https://www.pagina12.com.ar/secciones/sociedad
   Connected --1588404026.508716
https://www.pagina12.com.ar/secciones/sociedad
   Connected --1588404027.005309
https://www.pagina12.com.ar/suplementos/cultura-y-espectaculos
   Connected --1588404027.632016
https://www.pagina12.com.ar/suplementos/cultura-y-espectaculos
   Connected --1588404028.063925
https://www.pagina12.com.ar/secciones/ciencia
   Connected --1588404028.366003
https://www.pagina12.com.ar/secciones/ciencia
   Connected --1588404028.852924
https://www.pagina12.com.ar/secciones/dialogos
   Connected --1588404029.147174
https://www.pagina12.com.ar/secciones/dialogos
   Connected --1588404029.457342
https://www.pagina12.com.ar/secciones/el-mundo
   Connected --1588404029.758506
https://www.pagina12.com.ar/secciones/el-mundo
   Connected --1588404030.049524
https://www.pagina12.com.ar/edicion-impresa
   Connected --1588404030.7359
https://www.pagina12.com.ar/edicion-impresa
   Connected --1588404031.694205
https://www.pagina12.com.ar/secciones/deportes
   Connected --1588404032.280518
https://www.pagina12.com.ar/secciones/deportes
   Connected --1588404032.573949
https://www.pagina12.com.ar/secciones/ajedrez
   Connected --1588404032.907691
https://www.pagina12.com.ar/secciones/ajedrez
   Connected --1588404033.183953
https://www.pagina12.com.ar/secciones/cultura
   Connected --1588404033.667663
https://www.pagina12.com.ar/secciones/cultura
   Connected --1588404034.182316
https://www.pagina12.com.ar/secciones/plastica
   Connected --1588404034.490109
https://www.pagina12.com.ar/secciones/plastica
   Connected --1588404035.010599
https://www.pagina12.com.ar/secciones/psicologia
   Connected --1588404035.332074
https://www.pagina12.com.ar/secciones/psicologia
   Connected --1588404035.865078
https://www.pagina12.com.ar/secciones/hoy
   Connected --1588404036.189182
https://www.pagina12.com.ar/secciones/hoy
   Connected --1588404036.530424
https://www.pagina12.com.ar/secciones/cartas-de-lectores
   Connected --1588404036.825527
https://www.pagina12.com.ar/secciones/cartas-de-lectores
   Connected --1588404037.124268
https://www.pagina12.com.ar/secciones/contratapa
   Connected --1588404037.409508
https://www.pagina12.com.ar/secciones/contratapa
   Connected --1588404037.742586
https://www.pagina12.com.ar/secciones/audiovisuales
   Connected --1588404038.092349
https://www.pagina12.com.ar/secciones/audiovisuales
   Connected --1588404038.386564
https://www.pagina12.com.ar/secciones/recordatorios
   Connected --1588404038.72264
https://www.pagina12.com.ar/secciones/recordatorios
   Connected --1588404039.040857
https://www.pagina12.com.ar/secciones/consumo
   Connected --1588404039.327183
https://www.pagina12.com.ar/secciones/consumo
   Connected --1588404039.658266
https://www.pagina12.com.ar/secciones/salta12
   Connected --1588404039.965377
https://www.pagina12.com.ar/secciones/salta12
   Connected --1588404040.262836
https://www.pagina12.com.ar/secciones/podcasts
   Connected --1588404040.63255
https://www.pagina12.com.ar/secciones/podcasts
   Connected --1588404040.986217
https://www.pagina12.com.ar/secciones/soci@s
   Connected --1588404041.541334
https://www.pagina12.com.ar/secciones/soci@s
   Connected --1588404041.861216
https://www.pagina12.com.ar/263251-la-que-le-espera-a-africa
   Connected --1588404042.234191
https://www.pagina12.com.ar/263287-coronavirus-un-espaldarazo-hacia-la-impunidad-de-un-genocida
   Connected --1588404042.584803
https://www.pagina12.com.ar/263290-gobernadores-destacaron-el-rol-del-estado-ante-la-crisis
   Connected --1588404042.982862
https://www.pagina12.com.ar/263291-lo-hacen-para-desestabilizar-al-gobierno
   Connected --1588404043.326778
https://www.pagina12.com.ar/263091-andres-larroque-reemplazara-a-maria-fernanda-raverta-en-el-g
   Connected --1588404043.664734
https://www.pagina12.com.ar/263307-juntos-por-el-cambio-traba-la-reactivacion-del-senado
   Connected --1588404044.019363
https://www.pagina12.com.ar/263096-los-motivos-del-presidente-para-designar-a-fernanda-raverta-
   Connected --1588404044.381407
https://www.pagina12.com.ar/263313-como-evaluo-el-gobierno-el-cacerolazo-del-jueves
   Connected --1588404044.737023
https://www.pagina12.com.ar/263315-coronavirus-maestros-con-multiples-tareas-y-sin-herramientas
   Connected --1588404045.149394
https://www.pagina12.com.ar/263316-coronavirus-y-carceles-entre-el-peligro-real-de-contagio-y-l
   Connected --1588404045.52112
https://www.pagina12.com.ar/263319-coronavirus-en-villas-y-carceles-bombas-biologicas
   Connected --1588404045.868211
https://www.pagina12.com.ar/263159-dia-del-trabajador-en-cuarentena-actos-virtuales-y-ollas-pop
   Connected --1588404046.271162
https://www.pagina12.com.ar/263320-una-designacion-en-el-ministerio-de-desarrollo
   Connected --1588404046.610336
https://www.pagina12.com.ar/263182-los-trabajadores-legislativos-recibiran-un-plus-salarial-por
   Connected --1588404047.030526
https://www.pagina12.com.ar/263207-en-la-isla-biopolitica
   Connected --1588404047.395539
https://www.pagina12.com.ar/
   Connected --1588404170.605303
https://www.pagina12.com.ar/secciones/el-pais
   Connected --1588404171.246079
https://www.pagina12.com.ar/secciones/el-pais
   Connected --1588404171.73255
https://www.pagina12.com.ar/secciones/el-pais
   Connected --1588404172.227987
https://www.pagina12.com.ar/secciones/universidad-diario
   Connected --1588404172.512909
https://www.pagina12.com.ar/secciones/universidad-diario
   Connected --1588404173.011058
https://www.pagina12.com.ar/secciones/la-ventana
   Connected --1588404173.526678
https://www.pagina12.com.ar/secciones/la-ventana
   Connected --1588404174.051854
https://www.pagina12.com.ar/secciones/economia
   Connected --1588404174.346195
https://www.pagina12.com.ar/secciones/economia
   Connected --1588404174.896814
https://www.pagina12.com.ar/secciones/sociedad
   Connected --1588404175.195142
https://www.pagina12.com.ar/secciones/sociedad
   Connected --1588404175.497303
https://www.pagina12.com.ar/suplementos/cultura-y-espectaculos
   Connected --1588404176.144606
https://www.pagina12.com.ar/suplementos/cultura-y-espectaculos
   Connected --1588404176.569053
https://www.pagina12.com.ar/secciones/ciencia
   Connected --1588404176.854532
https://www.pagina12.com.ar/secciones/ciencia
   Connected --1588404177.354988
https://www.pagina12.com.ar/secciones/dialogos
   Connected --1588404177.854852
https://www.pagina12.com.ar/secciones/dialogos
   Connected --1588404178.15737
https://www.pagina12.com.ar/secciones/el-mundo
   Connected --1588404178.634084
https://www.pagina12.com.ar/secciones/el-mundo
   Connected --1588404179.130774
https://www.pagina12.com.ar/edicion-impresa
   Connected --1588404180.086419
https://www.pagina12.com.ar/edicion-impresa
   Connected --1588404180.811513
https://www.pagina12.com.ar/secciones/deportes
   Connected --1588404181.16117
https://www.pagina12.com.ar/secciones/deportes
   Connected --1588404181.654929
https://www.pagina12.com.ar/secciones/ajedrez
   Connected --1588404181.967381
https://www.pagina12.com.ar/secciones/ajedrez
   Connected --1588404182.238682
https://www.pagina12.com.ar/secciones/cultura
   Connected --1588404182.73104
https://www.pagina12.com.ar/secciones/cultura
   Connected --1588404183.047268
https://www.pagina12.com.ar/secciones/plastica
   Connected --1588404183.330546
https://www.pagina12.com.ar/secciones/plastica
   Connected --1588404183.632738
https://www.pagina12.com.ar/secciones/psicologia
   Connected --1588404183.930065
https://www.pagina12.com.ar/secciones/psicologia
   Connected --1588404184.424775
https://www.pagina12.com.ar/secciones/hoy
   Connected --1588404184.745917
https://www.pagina12.com.ar/secciones/hoy
   Connected --1588404185.226741
https://www.pagina12.com.ar/secciones/cartas-de-lectores
   Connected --1588404185.500521
https://www.pagina12.com.ar/secciones/cartas-de-lectores
   Connected --1588404185.780029
https://www.pagina12.com.ar/secciones/contratapa
   Connected --1588404186.064268
https://www.pagina12.com.ar/secciones/contratapa
   Connected --1588404186.358482
https://www.pagina12.com.ar/secciones/audiovisuales
   Connected --1588404186.719624
https://www.pagina12.com.ar/secciones/audiovisuales
   Connected --1588404187.006815
https://www.pagina12.com.ar/secciones/recordatorios
   Connected --1588404187.318797
https://www.pagina12.com.ar/secciones/recordatorios
   Connected --1588404188.269499
https://www.pagina12.com.ar/secciones/consumo
   Connected --1588404188.642557
https://www.pagina12.com.ar/secciones/consumo
   Connected --1588404188.974178
https://www.pagina12.com.ar/secciones/salta12
   Connected --1588404189.381213
https://www.pagina12.com.ar/secciones/salta12
   Connected --1588404189.727164
https://www.pagina12.com.ar/secciones/podcasts
   Connected --1588404190.017365
https://www.pagina12.com.ar/secciones/podcasts
   Connected --1588404190.302604
https://www.pagina12.com.ar/secciones/soci@s
   Connected --1588404190.596877
https://www.pagina12.com.ar/secciones/soci@s
   Connected --1588404190.942072
https://www.pagina12.com.ar/263251-la-que-le-espera-a-africa
   Connected --1588404191.312115
https://www.pagina12.com.ar/263287-coronavirus-un-espaldarazo-hacia-la-impunidad-de-un-genocida
   Connected --1588404191.714445
https://www.pagina12.com.ar/263290-gobernadores-destacaron-el-rol-del-estado-ante-la-crisis
   Connected --1588404192.128957
https://www.pagina12.com.ar/263291-lo-hacen-para-desestabilizar-al-gobierno
   Connected --1588404192.480046
https://www.pagina12.com.ar/263091-andres-larroque-reemplazara-a-maria-fernanda-raverta-en-el-g
   Connected --1588404192.827108
https://www.pagina12.com.ar/263307-juntos-por-el-cambio-traba-la-reactivacion-del-senado
   Connected --1588404193.233365
https://www.pagina12.com.ar/263096-los-motivos-del-presidente-para-designar-a-fernanda-raverta-
   Connected --1588404193.567553
https://www.pagina12.com.ar/263313-como-evaluo-el-gobierno-el-cacerolazo-del-jueves
   Connected --1588404193.960504
https://www.pagina12.com.ar/263315-coronavirus-maestros-con-multiples-tareas-y-sin-herramientas
   Connected --1588404194.30558
https://www.pagina12.com.ar/263316-coronavirus-y-carceles-entre-el-peligro-real-de-contagio-y-l
   Connected --1588404194.712521
https://www.pagina12.com.ar/263319-coronavirus-en-villas-y-carceles-bombas-biologicas
   Connected --1588404195.145415
https://www.pagina12.com.ar/263159-dia-del-trabajador-en-cuarentena-actos-virtuales-y-ollas-pop
   Connected --1588404195.57378
https://www.pagina12.com.ar/263320-una-designacion-en-el-ministerio-de-desarrollo
   Connected --1588404195.935843
https://www.pagina12.com.ar/263182-los-trabajadores-legislativos-recibiran-un-plus-salarial-por
   Connected --1588404196.292857
https://www.pagina12.com.ar/263207-en-la-isla-biopolitica
   Connected --1588404196.651931
https://www.pagina12.com.ar/263287-coronavirus-un-espaldarazo-hacia-la-impunidad-de-un-genocida
   Connected --1588404197.049906
https://www.pagina12.com.ar/263290-gobernadores-destacaron-el-rol-del-estado-ante-la-crisis
   Connected --1588404197.462798
https://www.pagina12.com.ar/263291-lo-hacen-para-desestabilizar-al-gobierno
   Connected --1588404197.823834
https://www.pagina12.com.ar/263091-andres-larroque-reemplazara-a-maria-fernanda-raverta-en-el-g
   Connected --1588404198.186705
https://www.pagina12.com.ar/263307-juntos-por-el-cambio-traba-la-reactivacion-del-senado
   Connected --1588404198.64933
https://www.pagina12.com.ar/263096-los-motivos-del-presidente-para-designar-a-fernanda-raverta-
   Connected --1588404199.08317
https://www.pagina12.com.ar/263313-como-evaluo-el-gobierno-el-cacerolazo-del-jueves
   Connected --1588404199.470145
https://www.pagina12.com.ar/263315-coronavirus-maestros-con-multiples-tareas-y-sin-herramientas
   Connected --1588404199.913013
https://www.pagina12.com.ar/263316-coronavirus-y-carceles-entre-el-peligro-real-de-contagio-y-l
   Connected --1588404200.256095
https://www.pagina12.com.ar/263319-coronavirus-en-villas-y-carceles-bombas-biologicas
   Connected --1588404200.598205
https://www.pagina12.com.ar/263159-dia-del-trabajador-en-cuarentena-actos-virtuales-y-ollas-pop
   Connected --1588404200.945256
https://www.pagina12.com.ar/263320-una-designacion-en-el-ministerio-de-desarrollo
   Connected --1588404201.59178
https://www.pagina12.com.ar/263182-los-trabajadores-legislativos-recibiran-un-plus-salarial-por
   Connected --1588404201.929413
https://www.pagina12.com.ar/263207-en-la-isla-biopolitica
   Connected --1588404202.340899
